yarn run v1.22.19
$ next build
info  - Loaded env from /home/pierre/workspace/houlala-frontend-web/apps/houlala_sell/.env
info  - Linting and checking validity of types...
error - ESLint: Plugin "@next/next" was conflicted between ".eslintrc.json » eslint-config-next/core-web-vitals » plugin:@next/next/core-web-vitals" and "../../.eslintrc.js » eslint-config-custom » eslint-config-next » plugin:@next/next/recommended".
info  - Creating an optimized production build...
info  - Compiled successfully
info  - Collecting page data...
info  - Generating static pages (0/9)
info  - Generating static pages (2/9)
info  - Generating static pages (4/9)
info  - Generating static pages (6/9)
info  - Generating static pages (9/9)
info  - Finalizing page optimization...

Route (pages)                              Size     First Load JS
┌ ○ /                                      2.39 kB         128 kB
├   └ css/3264d06c0a194146.css             752 B
├   /_app                                  0 B             121 kB
├ ○ /404                                   181 B           121 kB
├ ○ /dashboard/[uid]                       4.12 kB         136 kB
├   └ css/05d4018d21c0e2c1.css             2.03 kB
├ ○ /notification/[uid]                    946 B           133 kB
├   └ css/cd84b988025477d0.css             1.38 kB
├ ○ /order-detail/[uid]                    1.84 kB         134 kB
├   └ css/11810474908f727a.css             1.52 kB
├ ○ /orders/[uid]                          2.1 kB          134 kB
├   └ css/a12be77c5333e9e8.css             1.51 kB
├ ○ /product-detail/[pid]                  33.5 kB         166 kB
├   └ css/9850c56385ba779b.css             1.51 kB
└ ○ /stock/[uid]                           1.53 kB         134 kB
    └ css/0d8fb02be151cdd4.css             1.85 kB
+ First Load JS shared by all              122 kB
  ├ chunks/framework-19f3649580393c10.js   45.2 kB
  ├ chunks/main-9661fe22a3744d55.js        26.8 kB
  ├ chunks/pages/_app-d364a5d648b212b3.js  48 kB
  ├ chunks/webpack-ee7e63bc15b31913.js     815 B
  └ css/248b01ebac2e885c.css               1.22 kB

○  (Static)  automatically rendered as static HTML (uses no initial props)

Done in 8.79s.
