yarn run v1.22.19
$ next build
info  - Loaded env from /home/pierre/workspace/houlala-frontend-web/apps/houlala_web/.env
warn  - Invalid next.config.js options detected: 
  - The root value has an unexpected property, withPWA, which is not in the list of allowed properties (amp, analyticsId, assetPrefix, basePath, cleanDistDir, compiler, compress, crossOrigin, devIndicators, distDir, env, eslint, excludeDefaultMomentLocales, experimental, exportPathMap, future, generateBuildId, generateEtags, headers, httpAgentOptions, i18n, images, onDemandEntries, optimizeFonts, output, outputFileTracing, pageExtensions, poweredByHeader, productionBrowserSourceMaps, publicRuntimeConfig, reactStrictMode, redirects, rewrites, sassOptions, serverRuntimeConfig, staticPageGenerationTimeout, swcMinify, trailingSlash, typescript, useFileSystemPublicRoutes, webpack).

See more info here: https://nextjs.org/docs/messages/invalid-next-config
info  - Linting and checking validity of types...
error - ESLint: Plugin "@next/next" was conflicted between ".eslintrc.json » eslint-config-next/core-web-vitals » plugin:@next/next/core-web-vitals" and "../../.eslintrc.js » eslint-config-custom » eslint-config-next » plugin:@next/next/recommended".
info  - Creating an optimized production build...
info  - Compiled successfully
info  - Collecting page data...
info  - Generating static pages (0/23)
info  - Generating static pages (5/23)
info  - Generating static pages (11/23)
info  - Generating static pages (17/23)
info  - Generating static pages (23/23)
info  - Finalizing page optimization...

Route (pages)                              Size     First Load JS
┌ ○ /                                      3.32 kB         160 kB
├   └ css/b6e196d405e8a31f.css             2.14 kB
├   /_app                                  0 B             134 kB
├ ○ /404                                   182 B           134 kB
├ ○ /about                                 3.46 kB         138 kB
├   └ css/25a52e5859b31328.css             427 B
├ ○ /cart                                  4.45 kB         188 kB
├   └ css/64ae4a76d24a2d24.css             1.25 kB
├ ○ /cart/checkout                         4.78 kB         190 kB
├   └ css/62aa255a6221a63e.css             1.22 kB
├ ○ /category/[cid]                        4.29 kB         161 kB
├   └ css/555d2a8a6f624a47.css             2.25 kB
├ ○ /conditions                            8.71 kB         175 kB
├ ○ /discover                              1.43 kB         158 kB
├   └ css/9060a1581beaecc7.css             678 B
├ ○ /favorites                             2.88 kB         186 kB
├   └ css/8d63f22dc7519f1c.css             1.44 kB
├ ○ /location/[lid]                        3.64 kB         192 kB
├   └ css/b70f3763add2781a.css             1.75 kB
├ ○ /location/result                       2.54 kB         159 kB
├   └ css/9e3275b3bd6423a2.css             1.3 kB
├ ○ /login                                 1.67 kB         154 kB
├ ○ /logup                                 1.97 kB         154 kB
├ ○ /notification                          426 B           134 kB
├ ○ /order                                 2.73 kB         159 kB
├   └ css/85881cd9ac92e636.css             772 B
├ ○ /personal                              2.08 kB         160 kB
├   └ css/93f9f5637b6d79d7.css             895 B
├ ○ /policy                                7.51 kB         142 kB
├ ○ /product/[sku]                         3.29 kB         219 kB
├   └ css/f0ca6ab9c106ce9a.css             1.4 kB
├ ○ /reset                                 2.23 kB         154 kB
├ ○ /search-result/[wrd]                   3.06 kB         159 kB
├   └ css/926b5bee63fabb55.css             2.15 kB
├ ○ /store-category/[sid]                  2.43 kB         159 kB
├   └ css/b6979862a23b7723.css             950 B
└ ○ /sub-category/[sid]                    2.54 kB         159 kB
    └ css/c70ee406d3df1dbd.css             1.3 kB
+ First Load JS shared by all              138 kB
  ├ chunks/framework-5fbe32b88101578b.js   45.5 kB
  ├ chunks/main-eaa9e97f5cfa1db7.js        31.4 kB
  ├ chunks/pages/_app-1e8a116c4485fc3c.js  56.3 kB
  ├ chunks/webpack-59c5c889f52620d6.js     819 B
  └ css/570e5ce539be912b.css               3.67 kB

○  (Static)  automatically rendered as static HTML (uses no initial props)

Done in 13.81s.
